<?xml version="1.0" encoding="UTF-8"?>
<!-- Generated by org.testng.reporters.JUnitXMLReporter -->
<testsuite ignored="0" hostname="DESKTOP-KA17H8V" failures="0" tests="9" name="Test" time="136.248" errors="0" timestamp="2022-09-21T15:55:03 IST">
  <testcase classname="TestNg.ProjectModule1" name="CreateProject" time="0.008"/>
  <testcase classname="TestNg.ProjectModule1" name="deleteCustomer" time="0.002"/>
  <testcase classname="TestNg.ProjectModule1" name="modifyProject" time="0.001"/>
  <testcase classname="TestNg.TastModule" name="CreateTask" time="0.002"/>
  <testcase classname="TestNg.TastModule" name="DeleteTask" time="0.002"/>
  <testcase classname="TestNg.TastModule" name="ModifyTask" time="0.001"/>
  <testcase classname="TestNg.CreateCustomer1" name="ModifyCustomer" time="0.002"/>
  <testcase classname="TestNg.CreateCustomer1" name="createCustemer" time="0.003"/>
  <testcase classname="TestNg.CreateCustomer1" name="deleteCustomer" time="0.002"/>
</testsuite> <!-- Test -->
