<?xml version="1.0" encoding="UTF-8"?>
<!-- Generated by org.testng.reporters.JUnitXMLReporter -->
<testsuite ignored="0" hostname="DESKTOP-KA17H8V" failures="0" tests="3" name="Default test" time="0.081" errors="0" timestamp="2022-09-19T22:58:26 IST">
  <testcase classname="TestNg.TastModule" name="CreateTask" time="0.007"/>
  <testcase classname="TestNg.TastModule" name="DeleteTask" time="0.002"/>
  <testcase classname="TestNg.TastModule" name="ModifyTask" time="0.002"/>
</testsuite> <!-- Default test -->
